c:\users\e.sounou\documents\cours\opengl\quadrilatere\x64\debug\vc140.pdb
c:\users\e.sounou\documents\cours\opengl\quadrilatere\x64\debug\vc140.idb
c:\users\e.sounou\documents\cours\opengl\quadrilatere\x64\debug\main.obj
c:\users\e.sounou\documents\cours\opengl\x64\debug\quadrilatere.pdb
c:\users\e.sounou\documents\cours\opengl\quadrilatere\x64\debug\quadrilatere.tlog\cl.command.1.tlog
c:\users\e.sounou\documents\cours\opengl\quadrilatere\x64\debug\quadrilatere.tlog\cl.read.1.tlog
c:\users\e.sounou\documents\cours\opengl\quadrilatere\x64\debug\quadrilatere.tlog\cl.write.1.tlog
c:\users\e.sounou\documents\cours\opengl\quadrilatere\x64\debug\quadrilatere.tlog\link-cvtres.read.1.tlog
c:\users\e.sounou\documents\cours\opengl\quadrilatere\x64\debug\quadrilatere.tlog\link-cvtres.write.1.tlog
c:\users\e.sounou\documents\cours\opengl\quadrilatere\x64\debug\quadrilatere.tlog\link-rc.read.1.tlog
c:\users\e.sounou\documents\cours\opengl\quadrilatere\x64\debug\quadrilatere.tlog\link-rc.write.1.tlog
c:\users\e.sounou\documents\cours\opengl\quadrilatere\x64\debug\quadrilatere.tlog\link.5792-cvtres.read.1.tlog
c:\users\e.sounou\documents\cours\opengl\quadrilatere\x64\debug\quadrilatere.tlog\link.5792-cvtres.write.1.tlog
c:\users\e.sounou\documents\cours\opengl\quadrilatere\x64\debug\quadrilatere.tlog\link.5792-rc.read.1.tlog
c:\users\e.sounou\documents\cours\opengl\quadrilatere\x64\debug\quadrilatere.tlog\link.5792-rc.write.1.tlog
c:\users\e.sounou\documents\cours\opengl\quadrilatere\x64\debug\quadrilatere.tlog\link.5792.read.1.tlog
c:\users\e.sounou\documents\cours\opengl\quadrilatere\x64\debug\quadrilatere.tlog\link.5792.write.1.tlog
c:\users\e.sounou\documents\cours\opengl\quadrilatere\x64\debug\quadrilatere.tlog\link.command.1.tlog
c:\users\e.sounou\documents\cours\opengl\quadrilatere\x64\debug\quadrilatere.tlog\link.read.1.tlog
c:\users\e.sounou\documents\cours\opengl\quadrilatere\x64\debug\quadrilatere.tlog\link.write.1.tlog
